d:\joshua\documents\git_repos\ct4102-assignment-2-retrogame-joshuariches\retrorecreation\retrorecreation\debug\vc142.pdb
d:\joshua\documents\git_repos\ct4102-assignment-2-retrogame-joshuariches\retrorecreation\retrorecreation\debug\vc142.idb
d:\joshua\documents\git_repos\ct4102-assignment-2-retrogame-joshuariches\retrorecreation\retrorecreation\debug\graphics.obj
d:\joshua\documents\git_repos\ct4102-assignment-2-retrogame-joshuariches\retrorecreation\retrorecreation\debug\gamemanager.obj
d:\joshua\documents\git_repos\ct4102-assignment-2-retrogame-joshuariches\retrorecreation\retrorecreation\debug\timer.obj
d:\joshua\documents\git_repos\ct4102-assignment-2-retrogame-joshuariches\retrorecreation\retrorecreation\debug\main.obj
d:\joshua\documents\git_repos\ct4102-assignment-2-retrogame-joshuariches\retrorecreation\retrorecreation\debug\texture.obj
d:\joshua\documents\git_repos\ct4102-assignment-2-retrogame-joshuariches\retrorecreation\retrorecreation\debug\gameentity.obj
d:\joshua\documents\git_repos\ct4102-assignment-2-retrogame-joshuariches\retrorecreation\retrorecreation\debug\player.obj
d:\joshua\documents\git_repos\ct4102-assignment-2-retrogame-joshuariches\retrorecreation\retrorecreation\debug\collision.obj
d:\joshua\documents\git_repos\ct4102-assignment-2-retrogame-joshuariches\retrorecreation\retrorecreation\debug\map.obj
d:\joshua\documents\git_repos\ct4102-assignment-2-retrogame-joshuariches\retrorecreation\debug\retrorecreation.exe
d:\joshua\documents\git_repos\ct4102-assignment-2-retrogame-joshuariches\retrorecreation\debug\retrorecreation.ilk
d:\joshua\documents\git_repos\ct4102-assignment-2-retrogame-joshuariches\retrorecreation\debug\retrorecreation.pdb
d:\joshua\documents\git_repos\ct4102-assignment-2-retrogame-joshuariches\retrorecreation\retrorecreation\debug\retrorecreation.tlog\cl.command.1.tlog
d:\joshua\documents\git_repos\ct4102-assignment-2-retrogame-joshuariches\retrorecreation\retrorecreation\debug\retrorecreation.tlog\cl.read.1.tlog
d:\joshua\documents\git_repos\ct4102-assignment-2-retrogame-joshuariches\retrorecreation\retrorecreation\debug\retrorecreation.tlog\cl.write.1.tlog
d:\joshua\documents\git_repos\ct4102-assignment-2-retrogame-joshuariches\retrorecreation\retrorecreation\debug\retrorecreation.tlog\link.command.1.tlog
d:\joshua\documents\git_repos\ct4102-assignment-2-retrogame-joshuariches\retrorecreation\retrorecreation\debug\retrorecreation.tlog\link.read.1.tlog
d:\joshua\documents\git_repos\ct4102-assignment-2-retrogame-joshuariches\retrorecreation\retrorecreation\debug\retrorecreation.tlog\link.write.1.tlog
